[debug] [2021-08-11T21:12:15.420Z] ----------------------------------------------------------------------
[debug] [2021-08-11T21:12:15.422Z] Command:       C:\Program Files\nodejs\node.exe C:\Users\Nrudo\AppData\Roaming\npm\node_modules\firebase-tools\lib\bin\firebase.js init
[debug] [2021-08-11T21:12:15.422Z] CLI Version:   9.16.1
[debug] [2021-08-11T21:12:15.422Z] Platform:      win32
[debug] [2021-08-11T21:12:15.422Z] Node Version:  v16.3.0
[debug] [2021-08-11T21:12:15.423Z] Time:          Wed Aug 11 2021 17:12:15 GMT-0400 (Eastern Daylight Time)
[debug] [2021-08-11T21:12:15.423Z] ----------------------------------------------------------------------
[debug] 
[debug] [2021-08-11T21:12:15.429Z] > command requires scopes: ["email","openid","https://www.googleapis.com/auth/cloudplatformprojects.readonly","https://www.googleapis.com/auth/firebase","https://www.googleapis.com/auth/cloud-platform"]
[debug] [2021-08-11T21:12:15.429Z] > authorizing via signed-in user (n.rudolph2011@gmail.com)
[info] 
     ######## #### ########  ######## ########     ###     ######  ########
     ##        ##  ##     ## ##       ##     ##  ##   ##  ##       ##
     ######    ##  ########  ######   ########  #########  ######  ######
     ##        ##  ##    ##  ##       ##     ## ##     ##       ## ##
     ##       #### ##     ## ######## ########  ##     ##  ######  ########

You're about to initialize a Firebase project in this directory:

  C:\Users\Nrudo\Documents\gitHub_projects\React\myApp

[info] 
=== Project Setup
[info] 
[info] First, let's associate this project directory with a Firebase project.
[info] You can create multiple project aliases by running firebase use --add, 
[info] but for now we'll just set up a default project.
[info] 
[debug] [2021-08-11T21:12:36.545Z] >>> [apiv2][query] GET https://firebase.googleapis.com/v1beta1/projects pageSize=100
[debug] [2021-08-11T21:12:36.734Z] <<< [apiv2][status] GET https://firebase.googleapis.com/v1beta1/projects 200
[debug] [2021-08-11T21:12:36.735Z] <<< [apiv2][body] GET https://firebase.googleapis.com/v1beta1/projects [omitted]
[info] i  Using project portfilio-web-application (Portfilio Web Application) 
[info] 
=== Hosting Setup
[info] 
[info] Your public directory is the folder (relative to your project directory) that
[info] will contain Hosting assets to be uploaded with firebase deploy. If you
[info] have a build process for your assets, use your build's output directory.
[info] 
